<?xml version="1.0" encoding="UTF-8"?>
<!-- Generated by org.testng.reporters.JUnitXMLReporter -->
<testsuite ignored="0" hostname="sarasvati-Precision-Tower-3420" failures="0" tests="2" name="Default test(failed)" time="0.067" errors="0" timestamp="2023-04-25T16:00:22 IST">
  <testcase classname="com.servicepoints.testCases.BaseClass" name="@BeforeClass setup" time="-1.682418622642E9">
    <failure type="org.testng.TestNGException" message="
Parameter &amp;apos;browser&amp;apos; is required by BeforeClass on method setup but has not been marked @Optional or defined
in /home/guestuser/eclipse-workspace/ServicePoints/test-output/Default suite/testng-failed.xml">
      <![CDATA[org.testng.TestNGException: 
Parameter 'browser' is required by BeforeClass on method setup but has not been marked @Optional or defined
in /home/guestuser/eclipse-workspace/ServicePoints/test-output/Default suite/testng-failed.xml
at java.base/java.util.ArrayList.forEach(ArrayList.java:1511)
... Removed 22 stack frames]]>
    </failure>
  </testcase> <!-- @BeforeClass setup -->
  <testcase classname="com.servicepoints.testCases.BaseClass" name="@AfterClass tearDown" time="0.0">
    <skipped/>
  </testcase> <!-- @AfterClass tearDown -->
  <testcase classname="com.servicepoints.testCases.TC32_VerifyByAll" name="verifyDisputeByAll" time="0.0">
    <skipped/>
  </testcase> <!-- verifyDisputeByAll -->
  <testcase classname="com.servicepoints.testCases.TC32_VerifyByAll" name="verifyAcceptQuote" time="0.0">
    <skipped/>
  </testcase> <!-- verifyAcceptQuote -->
</testsuite> <!-- Default test(failed) -->
